2014/10/18 08:22:27 [error] [exception.CHttpException.404] exception 'CHttpException' with message 'Unable to resolve the request "r=gii".' in C:\wamp\www\yii\framework\web\CWebApplication.php:286
Stack trace:
#0 C:\wamp\www\yii\framework\web\CWebApplication.php(141): CWebApplication->runController('r=gii')
#1 C:\wamp\www\yii\framework\base\CApplication.php(180): CWebApplication->processRequest()
#2 C:\wamp\www\task\index.php(13): CApplication->run()
#3 {main}
REQUEST_URI=/task/index.php/r=gii
---
2014/10/18 08:22:32 [error] [exception.CHttpException.404] exception 'CHttpException' with message 'Unable to resolve the request "r=gii".' in C:\wamp\www\yii\framework\web\CWebApplication.php:286
Stack trace:
#0 C:\wamp\www\yii\framework\web\CWebApplication.php(141): CWebApplication->runController('r=gii')
#1 C:\wamp\www\yii\framework\base\CApplication.php(180): CWebApplication->processRequest()
#2 C:\wamp\www\task\index.php(13): CApplication->run()
#3 {main}
REQUEST_URI=/task/index.php/r=gii
---
2014/10/18 08:23:28 [error] [exception.CHttpException.404] exception 'CHttpException' with message 'Unable to resolve the request "r=gii".' in C:\wamp\www\yii\framework\web\CWebApplication.php:286
Stack trace:
#0 C:\wamp\www\yii\framework\web\CWebApplication.php(141): CWebApplication->runController('r=gii')
#1 C:\wamp\www\yii\framework\base\CApplication.php(180): CWebApplication->processRequest()
#2 C:\wamp\www\task\index.php(13): CApplication->run()
#3 {main}
REQUEST_URI=/task/index.php/r=gii
---
2014/10/18 15:24:00 [error] [exception.CDbException] exception 'CDbException' with message 'CDbConnection failed to open the DB connection: SQLSTATE[HY000] [2002] No connection could be made because the target machine actively refused it.
' in C:\wamp\www\yii\framework\db\CDbConnection.php:382
Stack trace:
#0 C:\wamp\www\yii\framework\db\CDbConnection.php(330): CDbConnection->open()
#1 C:\wamp\www\yii\framework\db\CDbConnection.php(308): CDbConnection->setActive(true)
#2 C:\wamp\www\yii\framework\base\CModule.php(387): CDbConnection->init()
#3 C:\wamp\www\yii\framework\base\CApplication.php(450): CModule->getComponent('db')
#4 C:\wamp\www\yii\framework\db\ar\CActiveRecord.php(634): CApplication->getDb()
#5 C:\wamp\www\yii\framework\db\ar\CActiveRecord.php(2361): CActiveRecord->getDbConnection()
#6 C:\wamp\www\yii\framework\db\ar\CActiveRecord.php(411): CActiveRecordMetaData->__construct(Object(User))
#7 C:\wamp\www\yii\framework\db\ar\CActiveRecord.php(79): CActiveRecord->getMetaData()
#8 C:\wamp\www\task\protected\controllers\SiteController.php(77): CActiveRecord->__construct()
#9 C:\wamp\www\yii\framework\web\actions\CInlineAction.php(49): SiteController->actionRegister()
#10 C:\wamp\www\yii\framework\web\CController.php(308): CInlineAction->runWithParams(Array)
#11 C:\wamp\www\yii\framework\web\CController.php(286): CController->runAction(Object(CInlineAction))
#12 C:\wamp\www\yii\framework\web\CController.php(265): CController->runActionWithFilters(Object(CInlineAction), Array)
#13 C:\wamp\www\yii\framework\web\CWebApplication.php(282): CController->run('register')
#14 C:\wamp\www\yii\framework\web\CWebApplication.php(141): CWebApplication->runController('site/register')
#15 C:\wamp\www\yii\framework\base\CApplication.php(180): CWebApplication->processRequest()
#16 C:\wamp\www\task\index.php(13): CApplication->run()
#17 {main}
REQUEST_URI=/task/index.php/site/register
---
2014/10/18 15:29:41 [warning] [application] Failed to set unsafe attribute "User" of "User".
in C:\wamp\www\task\protected\controllers\SiteController.php (81)
in C:\wamp\www\task\index.php (13)
2014/10/18 15:29:41 [warning] [application] Failed to set unsafe attribute "yt0" of "User".
in C:\wamp\www\task\protected\controllers\SiteController.php (81)
in C:\wamp\www\task\index.php (13)
2014/10/18 15:30:00 [warning] [application] Failed to set unsafe attribute "User" of "User".
in C:\wamp\www\task\protected\controllers\SiteController.php (81)
in C:\wamp\www\task\index.php (13)
2014/10/18 15:30:00 [warning] [application] Failed to set unsafe attribute "yt0" of "User".
in C:\wamp\www\task\protected\controllers\SiteController.php (81)
in C:\wamp\www\task\index.php (13)
2014/10/18 15:30:30 [warning] [application] Failed to set unsafe attribute "User" of "User".
in C:\wamp\www\task\protected\controllers\SiteController.php (82)
in C:\wamp\www\task\index.php (13)
2014/10/18 15:30:30 [warning] [application] Failed to set unsafe attribute "yt0" of "User".
in C:\wamp\www\task\protected\controllers\SiteController.php (82)
in C:\wamp\www\task\index.php (13)
2014/10/18 15:38:49 [error] [exception.CHttpException.403] exception 'CHttpException' with message 'You are not authorized to perform this action.' in C:\wamp\www\yii\framework\web\auth\CAccessControlFilter.php:182
Stack trace:
#0 C:\wamp\www\yii\framework\web\auth\CAccessControlFilter.php(145): CAccessControlFilter->accessDenied(Object(CWebUser), 'You are not aut...')
#1 C:\wamp\www\yii\framework\web\filters\CFilter.php(38): CAccessControlFilter->preFilter(Object(CFilterChain))
#2 C:\wamp\www\yii\framework\web\CController.php(1145): CFilter->filter(Object(CFilterChain))
#3 C:\wamp\www\yii\framework\web\filters\CInlineFilter.php(58): CController->filterAccessControl(Object(CFilterChain))
#4 C:\wamp\www\yii\framework\web\filters\CFilterChain.php(130): CInlineFilter->filter(Object(CFilterChain))
#5 C:\wamp\www\yii\framework\web\CController.php(291): CFilterChain->run()
#6 C:\wamp\www\yii\framework\web\CController.php(265): CController->runActionWithFilters(Object(CInlineAction), Array)
#7 C:\wamp\www\yii\framework\web\CWebApplication.php(282): CController->run('admin')
#8 C:\wamp\www\yii\framework\web\CWebApplication.php(141): CWebApplication->runController('task/admin')
#9 C:\wamp\www\yii\framework\base\CApplication.php(180): CWebApplication->processRequest()
#10 C:\wamp\www\task\index.php(13): CApplication->run()
#11 {main}
REQUEST_URI=/task/index.php/task/admin
HTTP_REFERER=http://localhost/task/index.php/task/index
---
2014/10/18 15:56:28 [error] [exception.CHttpException.403] exception 'CHttpException' with message 'You are not authorized to perform this action.' in C:\wamp\www\yii\framework\web\auth\CAccessControlFilter.php:182
Stack trace:
#0 C:\wamp\www\yii\framework\web\auth\CAccessControlFilter.php(145): CAccessControlFilter->accessDenied(Object(CWebUser), 'You are not aut...')
#1 C:\wamp\www\yii\framework\web\filters\CFilter.php(38): CAccessControlFilter->preFilter(Object(CFilterChain))
#2 C:\wamp\www\yii\framework\web\CController.php(1145): CFilter->filter(Object(CFilterChain))
#3 C:\wamp\www\yii\framework\web\filters\CInlineFilter.php(58): CController->filterAccessControl(Object(CFilterChain))
#4 C:\wamp\www\yii\framework\web\filters\CFilterChain.php(130): CInlineFilter->filter(Object(CFilterChain))
#5 C:\wamp\www\yii\framework\web\CController.php(291): CFilterChain->run()
#6 C:\wamp\www\yii\framework\web\CController.php(265): CController->runActionWithFilters(Object(CInlineAction), Array)
#7 C:\wamp\www\yii\framework\web\CWebApplication.php(282): CController->run('admin')
#8 C:\wamp\www\yii\framework\web\CWebApplication.php(141): CWebApplication->runController('task/admin')
#9 C:\wamp\www\yii\framework\base\CApplication.php(180): CWebApplication->processRequest()
#10 C:\wamp\www\task\index.php(13): CApplication->run()
#11 {main}
REQUEST_URI=/task/index.php/task/admin
HTTP_REFERER=http://localhost/task/index.php/task/create
---
2014/10/18 18:22:21 [error] [exception.CHttpException.404] exception 'CHttpException' with message 'Unable to resolve the request "player/UpdateCredit".' in C:\wamp\www\yii\framework\web\CWebApplication.php:286
Stack trace:
#0 C:\wamp\www\yii\framework\web\CWebApplication.php(141): CWebApplication->runController('player/UpdateCr...')
#1 C:\wamp\www\yii\framework\base\CApplication.php(180): CWebApplication->processRequest()
#2 C:\wamp\www\task\index.php(13): CApplication->run()
#3 {main}
REQUEST_URI=/task/index.php/player/UpdateCredit/1?mode=add
HTTP_REFERER=http://localhost/task/index.php/task/admin
---
2014/10/18 18:34:53 [error] [php] Undefined variable: thisk (C:\wamp\www\task\protected\models\Task.php:112)
Stack trace:
#0 C:\wamp\www\yii\framework\web\helpers\CHtml.php(2529): Task->__get()
#1 C:\wamp\www\yii\framework\web\helpers\CHtml.php(2252): resolveValue()
#2 C:\wamp\www\yii\framework\web\helpers\CHtml.php(1434): activeInputField()
#3 C:\wamp\www\yii\framework\zii\widgets\grid\CDataColumn.php(103): activeTextField()
#4 C:\wamp\www\yii\framework\zii\widgets\grid\CGridColumn.php(116): CDataColumn->renderFilterCellContent()
#5 C:\wamp\www\yii\framework\zii\widgets\grid\CGridView.php(532): CDataColumn->renderFilterCell()
#6 C:\wamp\www\yii\framework\zii\widgets\grid\CGridView.php(510): CGridView->renderFilter()
#7 C:\wamp\www\yii\framework\zii\widgets\grid\CGridView.php(480): CGridView->renderTableHeader()
#8 C:\wamp\www\yii\framework\zii\widgets\CBaseListView.php(167): CGridView->renderItems()
#9 unknown(0): CGridView->renderSection()
#10 C:\wamp\www\yii\framework\zii\widgets\CBaseListView.php(150): preg_replace_callback()
#11 C:\wamp\www\yii\framework\zii\widgets\CBaseListView.php(135): CGridView->renderContent()
#12 C:\wamp\www\yii\framework\web\CBaseController.php(173): CGridView->run()
#13 C:\wamp\www\task\protected\views\task\admin.php(61): TaskController->widget()
#14 C:\wamp\www\yii\framework\web\CBaseController.php(126): require()
#15 C:\wamp\www\yii\framework\web\CBaseController.php(95): TaskController->renderInternal()
#16 C:\wamp\www\yii\framework\web\CController.php(869): TaskController->renderFile()
#17 C:\wamp\www\yii\framework\web\CController.php(782): TaskController->renderPartial()
#18 C:\wamp\www\task\protected\controllers\TaskController.php(143): TaskController->render()
#19 C:\wamp\www\yii\framework\web\actions\CInlineAction.php(49): TaskController->actionAdmin()
#20 C:\wamp\www\yii\framework\web\CController.php(308): CInlineAction->runWithParams()
#21 C:\wamp\www\yii\framework\web\filters\CFilterChain.php(133): TaskController->runAction()
#22 C:\wamp\www\yii\framework\web\filters\CFilter.php(40): CFilterChain->run()
#23 C:\wamp\www\yii\framework\web\CController.php(1145): CAccessControlFilter->filter()
#24 C:\wamp\www\yii\framework\web\filters\CInlineFilter.php(58): TaskController->filterAccessControl()
#25 C:\wamp\www\yii\framework\web\filters\CFilterChain.php(130): CInlineFilter->filter()
#26 C:\wamp\www\yii\framework\web\CController.php(291): CFilterChain->run()
#27 C:\wamp\www\yii\framework\web\CController.php(265): TaskController->runActionWithFilters()
#28 C:\wamp\www\yii\framework\web\CWebApplication.php(282): TaskController->run()
#29 C:\wamp\www\yii\framework\web\CWebApplication.php(141): CWebApplication->runController()
#30 C:\wamp\www\yii\framework\base\CApplication.php(180): CWebApplication->processRequest()
#31 C:\wamp\www\task\index.php(13): CWebApplication->run()
REQUEST_URI=/task/index.php/task/admin
in C:\wamp\www\task\protected\models\Task.php (112)
in C:\wamp\www\task\protected\views\task\admin.php (61)
in C:\wamp\www\task\protected\controllers\TaskController.php (143)
2014/10/18 18:35:10 [error] [exception.CException] exception 'CException' with message 'Property "Task.getMarked" is not defined.' in C:\wamp\www\yii\framework\base\CComponent.php:130
Stack trace:
#0 C:\wamp\www\yii\framework\db\ar\CActiveRecord.php(145): CComponent->__get('getMarked')
#1 C:\wamp\www\task\protected\models\Task.php(112): CActiveRecord->__get('getMarked')
#2 C:\wamp\www\yii\framework\base\CComponent.php(111): Task->getMarked()
#3 C:\wamp\www\yii\framework\db\ar\CActiveRecord.php(145): CComponent->__get('Marked')
#4 C:\wamp\www\yii\framework\web\helpers\CHtml.php(2529): CActiveRecord->__get('Marked')
#5 C:\wamp\www\yii\framework\web\helpers\CHtml.php(2252): CHtml::resolveValue(Object(Task), 'Marked')
#6 C:\wamp\www\yii\framework\web\helpers\CHtml.php(1434): CHtml::activeInputField('text', Object(Task), 'Marked', Array)
#7 C:\wamp\www\yii\framework\zii\widgets\grid\CDataColumn.php(103): CHtml::activeTextField(Object(Task), 'Marked', Array)
#8 C:\wamp\www\yii\framework\zii\widgets\grid\CGridColumn.php(116): CDataColumn->renderFilterCellContent()
#9 C:\wamp\www\yii\framework\zii\widgets\grid\CGridView.php(532): CGridColumn->renderFilterCell()
#10 C:\wamp\www\yii\framework\zii\widgets\grid\CGridView.php(510): CGridView->renderFilter()
#11 C:\wamp\www\yii\framework\zii\widgets\grid\CGridView.php(480): CGridView->renderTableHeader()
#12 C:\wamp\www\yii\framework\zii\widgets\CBaseListView.php(167): CGridView->renderItems()
#13 [internal function]: CBaseListView->renderSection(Array)
#14 C:\wamp\www\yii\framework\zii\widgets\CBaseListView.php(150): preg_replace_callback('/{(\\w+)}/', Array, '{summary}\n{item...')
#15 C:\wamp\www\yii\framework\zii\widgets\CBaseListView.php(135): CBaseListView->renderContent()
#16 C:\wamp\www\yii\framework\web\CBaseController.php(173): CBaseListView->run()
#17 C:\wamp\www\task\protected\views\task\admin.php(61): CBaseController->widget('zii.widgets.gri...', Array)
#18 C:\wamp\www\yii\framework\web\CBaseController.php(126): require('C:\\wamp\\www\\tas...')
#19 C:\wamp\www\yii\framework\web\CBaseController.php(95): CBaseController->renderInternal('C:\\wamp\\www\\tas...', Array, true)
#20 C:\wamp\www\yii\framework\web\CController.php(869): CBaseController->renderFile('C:\\wamp\\www\\tas...', Array, true)
#21 C:\wamp\www\yii\framework\web\CController.php(782): CController->renderPartial('admin', Array, true)
#22 C:\wamp\www\task\protected\controllers\TaskController.php(143): CController->render('admin', Array)
#23 C:\wamp\www\yii\framework\web\actions\CInlineAction.php(49): TaskController->actionAdmin()
#24 C:\wamp\www\yii\framework\web\CController.php(308): CInlineAction->runWithParams(Array)
#25 C:\wamp\www\yii\framework\web\filters\CFilterChain.php(133): CController->runAction(Object(CInlineAction))
#26 C:\wamp\www\yii\framework\web\filters\CFilter.php(40): CFilterChain->run()
#27 C:\wamp\www\yii\framework\web\CController.php(1145): CFilter->filter(Object(CFilterChain))
#28 C:\wamp\www\yii\framework\web\filters\CInlineFilter.php(58): CController->filterAccessControl(Object(CFilterChain))
#29 C:\wamp\www\yii\framework\web\filters\CFilterChain.php(130): CInlineFilter->filter(Object(CFilterChain))
#30 C:\wamp\www\yii\framework\web\CController.php(291): CFilterChain->run()
#31 C:\wamp\www\yii\framework\web\CController.php(265): CController->runActionWithFilters(Object(CInlineAction), Array)
#32 C:\wamp\www\yii\framework\web\CWebApplication.php(282): CController->run('admin')
#33 C:\wamp\www\yii\framework\web\CWebApplication.php(141): CWebApplication->runController('task/admin')
#34 C:\wamp\www\yii\framework\base\CApplication.php(180): CWebApplication->processRequest()
#35 C:\wamp\www\task\index.php(13): CApplication->run()
#36 {main}
REQUEST_URI=/task/index.php/task/admin
HTTP_REFERER=http://localhost/task/index.php/task/1
---
2014/10/18 19:05:46 [error] [php] include(User.php): failed to open stream: No such file or directory (C:\wamp\www\yii\framework\YiiBase.php:427)
Stack trace:
#0 C:\wamp\www\task\protected\components\UserIdentity.php(25): spl_autoload_call()
#1 C:\wamp\www\task\protected\models\LoginForm.php(52): UserIdentity->authenticate()
#2 C:\wamp\www\yii\framework\validators\CInlineValidator.php(42): LoginForm->authenticate()
#3 C:\wamp\www\yii\framework\validators\CValidator.php(213): CInlineValidator->validateAttribute()
#4 C:\wamp\www\yii\framework\base\CModel.php(159): CInlineValidator->validate()
#5 C:\wamp\www\task\protected\controllers\SiteController.php(113): LoginForm->validate()
#6 C:\wamp\www\yii\framework\web\actions\CInlineAction.php(49): SiteController->actionLogin()
#7 C:\wamp\www\yii\framework\web\CController.php(308): CInlineAction->runWithParams()
#8 C:\wamp\www\yii\framework\web\CController.php(286): SiteController->runAction()
#9 C:\wamp\www\yii\framework\web\CController.php(265): SiteController->runActionWithFilters()
#10 C:\wamp\www\yii\framework\web\CWebApplication.php(282): SiteController->run()
#11 C:\wamp\www\yii\framework\web\CWebApplication.php(141): CWebApplication->runController()
#12 C:\wamp\www\yii\framework\base\CApplication.php(180): CWebApplication->processRequest()
#13 C:\wamp\www\task\index.php(13): CWebApplication->run()
REQUEST_URI=/task/index.php/site/login
in C:\wamp\www\task\protected\components\UserIdentity.php (25)
in C:\wamp\www\task\protected\models\LoginForm.php (52)
in C:\wamp\www\task\protected\controllers\SiteController.php (113)
